<?xml version="1.0" encoding="UTF-8"?>
<testng-results skipped="0" failed="1" ignored="0" total="5" passed="4">
  <reporter-output>
  </reporter-output>
  <suite name="Suite" duration-ms="36331" started-at="2020-11-02T12:41:33 IST" finished-at="2020-11-02T12:42:09 IST">
    <groups>
    </groups>
    <test name="ValidateNavBar" duration-ms="30389" started-at="2020-11-02T12:41:33 IST" finished-at="2020-11-02T12:42:03 IST">
      <class name="concepts.framework.practice.ValidateNavBar">
        <test-method status="PASS" signature="initializeTest()[pri:0, instance:concepts.framework.practice.ValidateNavBar@740fb309]" name="initializeTest" is-config="true" duration-ms="27002" started-at="2020-11-02T12:41:33 IST" finished-at="2020-11-02T12:42:00 IST">
          <reporter-output>
          </reporter-output>
        </test-method> <!-- initializeTest -->
        <test-method status="PASS" signature="navBarDisplayedOrNot()[pri:0, instance:concepts.framework.practice.ValidateNavBar@740fb309]" name="navBarDisplayedOrNot" duration-ms="155" started-at="2020-11-02T12:42:00 IST" finished-at="2020-11-02T12:42:00 IST">
          <reporter-output>
          </reporter-output>
        </test-method> <!-- navBarDisplayedOrNot -->
        <test-method status="PASS" signature="cleanUp()[pri:0, instance:concepts.framework.practice.ValidateNavBar@740fb309]" name="cleanUp" is-config="true" duration-ms="3212" started-at="2020-11-02T12:42:00 IST" finished-at="2020-11-02T12:42:03 IST">
          <reporter-output>
          </reporter-output>
        </test-method> <!-- cleanUp -->
      </class> <!-- concepts.framework.practice.ValidateNavBar -->
    </test> <!-- ValidateNavBar -->
    <test name="ValidateTitle" duration-ms="31191" started-at="2020-11-02T12:41:33 IST" finished-at="2020-11-02T12:42:04 IST">
      <class name="concepts.framework.practice.ValidateTitle">
        <test-method status="PASS" signature="initializeTest()[pri:0, instance:concepts.framework.practice.ValidateTitle@19932c16]" name="initializeTest" is-config="true" duration-ms="27010" started-at="2020-11-02T12:41:33 IST" finished-at="2020-11-02T12:42:00 IST">
          <reporter-output>
          </reporter-output>
        </test-method> <!-- initializeTest -->
        <test-method status="PASS" signature="headerTextValidation()[pri:0, instance:concepts.framework.practice.ValidateTitle@19932c16]" name="headerTextValidation" duration-ms="151" started-at="2020-11-02T12:42:00 IST" finished-at="2020-11-02T12:42:00 IST">
          <reporter-output>
          </reporter-output>
        </test-method> <!-- headerTextValidation -->
        <test-method status="FAIL" signature="titleTextValidation()[pri:0, instance:concepts.framework.practice.ValidateTitle@19932c16]" name="titleTextValidation" duration-ms="327" started-at="2020-11-02T12:42:00 IST" finished-at="2020-11-02T12:42:01 IST">
          <exception class="java.lang.AssertionError">
            <message>
              <![CDATA[expected [featured courses] but found [FEATURED COURSES]]]>
            </message>
            <full-stacktrace>
              <![CDATA[java.lang.AssertionError: expected [featured courses] but found [FEATURED COURSES]
at org.testng.Assert.fail(Assert.java:99)
at org.testng.Assert.failNotEquals(Assert.java:1037)
at org.testng.Assert.assertEqualsImpl(Assert.java:140)
at org.testng.Assert.assertEquals(Assert.java:122)
at org.testng.Assert.assertEquals(Assert.java:629)
at org.testng.Assert.assertEquals(Assert.java:639)
at concepts.framework.practice.ValidateTitle.titleTextValidation(ValidateTitle.java:30)
at sun.reflect.NativeMethodAccessorImpl.invoke0(Native Method)
at sun.reflect.NativeMethodAccessorImpl.invoke(NativeMethodAccessorImpl.java:62)
at sun.reflect.DelegatingMethodAccessorImpl.invoke(DelegatingMethodAccessorImpl.java:43)
at java.lang.reflect.Method.invoke(Method.java:483)
at org.testng.internal.MethodInvocationHelper.invokeMethod(MethodInvocationHelper.java:132)
at org.testng.internal.TestInvoker.invokeMethod(TestInvoker.java:599)
at org.testng.internal.TestInvoker.invokeTestMethod(TestInvoker.java:174)
at org.testng.internal.MethodRunner.runInSequence(MethodRunner.java:46)
at org.testng.internal.TestInvoker$MethodInvocationAgent.invoke(TestInvoker.java:822)
at org.testng.internal.TestInvoker.invokeTestMethods(TestInvoker.java:147)
at org.testng.internal.TestMethodWorker.invokeTestMethods(TestMethodWorker.java:146)
at org.testng.internal.TestMethodWorker.run(TestMethodWorker.java:128)
at org.testng.TestRunner$$Lambda$472/1833851655.accept(Unknown Source)
at java.util.ArrayList.forEach(ArrayList.java:1249)
at org.testng.TestRunner.privateRun(TestRunner.java:764)
at org.testng.TestRunner.run(TestRunner.java:585)
at org.testng.SuiteRunner.runTest(SuiteRunner.java:384)
at org.testng.SuiteRunner.access$000(SuiteRunner.java:28)
at org.testng.SuiteRunner$SuiteWorker.run(SuiteRunner.java:425)
at org.testng.internal.thread.ThreadUtil.lambda$execute$0(ThreadUtil.java:66)
at org.testng.internal.thread.ThreadUtil$$Lambda$52/26540753.call(Unknown Source)
at java.util.concurrent.FutureTask.run(FutureTask.java:266)
at java.util.concurrent.ThreadPoolExecutor.runWorker(ThreadPoolExecutor.java:1142)
at java.util.concurrent.ThreadPoolExecutor$Worker.run(ThreadPoolExecutor.java:617)
at java.lang.Thread.run(Thread.java:745)
]]>
            </full-stacktrace>
          </exception> <!-- java.lang.AssertionError -->
          <reporter-output>
          </reporter-output>
        </test-method> <!-- titleTextValidation -->
        <test-method status="PASS" signature="cleanUp()[pri:0, instance:concepts.framework.practice.ValidateTitle@19932c16]" name="cleanUp" is-config="true" duration-ms="2369" started-at="2020-11-02T12:42:02 IST" finished-at="2020-11-02T12:42:04 IST">
          <reporter-output>
          </reporter-output>
        </test-method> <!-- cleanUp -->
      </class> <!-- concepts.framework.practice.ValidateTitle -->
    </test> <!-- ValidateTitle -->
    <test name="HomePageAndLogin" duration-ms="36331" started-at="2020-11-02T12:41:33 IST" finished-at="2020-11-02T12:42:09 IST">
      <class name="concepts.framework.practice.HomePage">
        <test-method status="PASS" signature="initializeTest()[pri:0, instance:concepts.framework.practice.HomePage@5b799640]" name="initializeTest" is-config="true" duration-ms="4383" started-at="2020-11-02T12:41:33 IST" finished-at="2020-11-02T12:41:37 IST">
          <reporter-output>
          </reporter-output>
        </test-method> <!-- initializeTest -->
        <test-method status="PASS" signature="basePageNavigation(java.lang.String, java.lang.String, java.lang.String)[pri:0, instance:concepts.framework.practice.HomePage@5b799640]" name="basePageNavigation" duration-ms="27547" started-at="2020-11-02T12:41:37 IST" data-provider="getData" finished-at="2020-11-02T12:42:05 IST">
          <params>
            <param index="0">
              <value>
                <![CDATA[restricted@gmail.com]]>
              </value>
            </param>
            <param index="1">
              <value>
                <![CDATA[ddddd]]>
              </value>
            </param>
            <param index="2">
              <value>
                <![CDATA[restrictedUser]]>
              </value>
            </param>
          </params>
          <reporter-output>
          </reporter-output>
        </test-method> <!-- basePageNavigation -->
        <test-method status="PASS" signature="basePageNavigation(java.lang.String, java.lang.String, java.lang.String)[pri:0, instance:concepts.framework.practice.HomePage@5b799640]" name="basePageNavigation" duration-ms="4241" started-at="2020-11-02T12:42:05 IST" data-provider="getData" finished-at="2020-11-02T12:42:09 IST">
          <params>
            <param index="0">
              <value>
                <![CDATA[nonrestricted@gmail.com]]>
              </value>
            </param>
            <param index="1">
              <value>
                <![CDATA[ggggg]]>
              </value>
            </param>
            <param index="2">
              <value>
                <![CDATA[nonrestrictedUser]]>
              </value>
            </param>
          </params>
          <reporter-output>
          </reporter-output>
        </test-method> <!-- basePageNavigation -->
        <test-method status="PASS" signature="cleanUp()[pri:0, instance:concepts.framework.practice.HomePage@5b799640]" name="cleanUp" is-config="true" duration-ms="115" started-at="2020-11-02T12:42:09 IST" finished-at="2020-11-02T12:42:09 IST">
          <reporter-output>
          </reporter-output>
        </test-method> <!-- cleanUp -->
      </class> <!-- concepts.framework.practice.HomePage -->
    </test> <!-- HomePageAndLogin -->
  </suite> <!-- Suite -->
</testng-results>
